# JRE version: OpenJDK Runtime Environment (Zulu 8.68.0.21-CA-win64) (8.0_362-b09) (build 1.8.0_362-b09)
# Java VM: OpenJDK 64-Bit Server VM (25.362-b09 mixed mode windows-amd64 compressed oops)
Heap:
 PSYoungGen      total 134144K, used 79559K [0x00000000d5580000, 0x00000000e0400000, 0x0000000100000000)
  eden space 126464K, 56% used [0x00000000d5580000,0x00000000d9bb1f60,0x00000000dd100000)
  from space 7680K, 100% used [0x00000000dd100000,0x00000000dd880000,0x00000000dd880000)
  to   space 8704K, 0% used [0x00000000dfb80000,0x00000000dfb80000,0x00000000e0400000)
 ParOldGen       total 36864K, used 9152K [0x0000000080000000, 0x0000000082400000, 0x00000000d5580000)
  object space 36864K, 24% used [0x0000000080000000,0x00000000808f0188,0x0000000082400000)
 Metaspace       used 30434K, capacity 31235K, committed 31616K, reserved 1077248K
  class space    used 3607K, capacity 3851K, committed 3968K, reserved 1048576K
GC Heap History (10 events):
Event: 2.869 GC heap before
{Heap before GC invocations=6 (full 0):
 PSYoungGen      total 66048K, used 66032K [0x00000000d5580000, 0x00000000ddf80000, 0x0000000100000000)
  eden space 63488K, 100% used [0x00000000d5580000,0x00000000d9380000,0x00000000d9380000)
  from space 2560K, 99% used [0x00000000d9380000,0x00000000d95fc030,0x00000000d9600000)
  to   space 7168K, 0% used [0x00000000dd880000,0x00000000dd880000,0x00000000ddf80000)
 ParOldGen       total 42496K, used 8473K [0x0000000080000000, 0x0000000082980000, 0x00000000d5580000)
  object space 42496K, 19% used [0x0000000080000000,0x0000000080846788,0x0000000082980000)
 Metaspace       used 19898K, capacity 20140K, committed 20608K, reserved 1067008K
  class space    used 2206K, capacity 2307K, committed 2432K, reserved 1048576K
Event: 2.879 GC heap after
Heap after GC invocations=6 (full 0):
 PSYoungGen      total 133120K, used 6825K [0x00000000d5580000, 0x00000000de180000, 0x0000000100000000)
  eden space 125952K, 0% used [0x00000000d5580000,0x00000000d5580000,0x00000000dd080000)
  from space 7168K, 95% used [0x00000000dd880000,0x00000000ddf2a4b8,0x00000000ddf80000)
  to   space 8192K, 0% used [0x00000000dd080000,0x00000000dd080000,0x00000000dd880000)
 ParOldGen       total 42496K, used 8481K [0x0000000080000000, 0x0000000082980000, 0x00000000d5580000)
  object space 42496K, 19% used [0x0000000080000000,0x0000000080848788,0x0000000082980000)
 Metaspace       used 19898K, capacity 20140K, committed 20608K, reserved 1067008K
  class space    used 2206K, capacity 2307K, committed 2432K, reserved 1048576K
}
Event: 3.177 GC heap before
{Heap before GC invocations=7 (full 0):
 PSYoungGen      total 133120K, used 42143K [0x00000000d5580000, 0x00000000de180000, 0x0000000100000000)
  eden space 125952K, 28% used [0x00000000d5580000,0x00000000d77fd840,0x00000000dd080000)
  from space 7168K, 95% used [0x00000000dd880000,0x00000000ddf2a4b8,0x00000000ddf80000)
  to   space 8192K, 0% used [0x00000000dd080000,0x00000000dd080000,0x00000000dd880000)
 ParOldGen       total 42496K, used 8481K [0x0000000080000000, 0x0000000082980000, 0x00000000d5580000)
  object space 42496K, 19% used [0x0000000080000000,0x0000000080848788,0x0000000082980000)
 Metaspace       used 20737K, capacity 21033K, committed 21296K, reserved 1069056K
  class space    used 2301K, capacity 2432K, committed 2432K, reserved 1048576K
Event: 3.183 GC heap after
Heap after GC invocations=7 (full 0):
 PSYoungGen      total 134144K, used 4600K [0x00000000d5580000, 0x00000000de180000, 0x0000000100000000)
  eden space 125952K, 0% used [0x00000000d5580000,0x00000000d5580000,0x00000000dd080000)
  from space 8192K, 56% used [0x00000000dd080000,0x00000000dd4fe2f8,0x00000000dd880000)
  to   space 7168K, 0% used [0x00000000dd880000,0x00000000dd880000,0x00000000ddf80000)
 ParOldGen       total 42496K, used 9493K [0x0000000080000000, 0x0000000082980000, 0x00000000d5580000)
  object space 42496K, 22% used [0x0000000080000000,0x00000000809454c8,0x0000000082980000)
 Metaspace       used 20737K, capacity 21033K, committed 21296K, reserved 1069056K
  class space    used 2301K, capacity 2432K, committed 2432K, reserved 1048576K
}
Event: 3.183 GC heap before
{Heap before GC invocations=8 (full 1):
 PSYoungGen      total 134144K, used 4600K [0x00000000d5580000, 0x00000000de180000, 0x0000000100000000)
  eden space 125952K, 0% used [0x00000000d5580000,0x00000000d5580000,0x00000000dd080000)
  from space 8192K, 56% used [0x00000000dd080000,0x00000000dd4fe2f8,0x00000000dd880000)
  to   space 7168K, 0% used [0x00000000dd880000,0x00000000dd880000,0x00000000ddf80000)
 ParOldGen       total 42496K, used 9493K [0x0000000080000000, 0x0000000082980000, 0x00000000d5580000)
  object space 42496K, 22% used [0x0000000080000000,0x00000000809454c8,0x0000000082980000)
 Metaspace       used 20737K, capacity 21033K, committed 21296K, reserved 1069056K
  class space    used 2301K, capacity 2432K, committed 2432K, reserved 1048576K
Event: 3.225 GC heap after
Heap after GC invocations=8 (full 1):
 PSYoungGen      total 134144K, used 0K [0x00000000d5580000, 0x00000000de180000, 0x0000000100000000)
  eden space 125952K, 0% used [0x00000000d5580000,0x00000000d5580000,0x00000000dd080000)
  from space 8192K, 0% used [0x00000000dd080000,0x00000000dd080000,0x00000000dd880000)
  to   space 7168K, 0% used [0x00000000dd880000,0x00000000dd880000,0x00000000ddf80000)
 ParOldGen       total 36864K, used 8724K [0x0000000080000000, 0x0000000082400000, 0x00000000d5580000)
  object space 36864K, 23% used [0x0000000080000000,0x0000000080885398,0x0000000082400000)
 Metaspace       used 20737K, capacity 21033K, committed 21296K, reserved 1069056K
  class space    used 2301K, capacity 2432K, committed 2432K, reserved 1048576K
}
Event: 3.808 GC heap before
{Heap before GC invocations=9 (full 1):
 PSYoungGen      total 134144K, used 125952K [0x00000000d5580000, 0x00000000de180000, 0x0000000100000000)
  eden space 125952K, 100% used [0x00000000d5580000,0x00000000dd080000,0x00000000dd080000)
  from space 8192K, 0% used [0x00000000dd080000,0x00000000dd080000,0x00000000dd880000)
  to   space 7168K, 0% used [0x00000000dd880000,0x00000000dd880000,0x00000000ddf80000)
 ParOldGen       total 36864K, used 8724K [0x0000000080000000, 0x0000000082400000, 0x00000000d5580000)
  object space 36864K, 23% used [0x0000000080000000,0x0000000080885398,0x0000000082400000)
 Metaspace       used 22893K, capacity 23235K, committed 23424K, reserved 1071104K
  class space    used 2515K, capacity 2651K, committed 2688K, reserved 1048576K
Event: 3.811 GC heap after
Heap after GC invocations=9 (full 1):
 PSYoungGen      total 133632K, used 3236K [0x00000000d5580000, 0x00000000e1780000, 0x0000000100000000)
  eden space 126464K, 0% used [0x00000000d5580000,0x00000000d5580000,0x00000000dd100000)
  from space 7168K, 45% used [0x00000000dd880000,0x00000000ddba9070,0x00000000ddf80000)
  to   space 7680K, 0% used [0x00000000dd100000,0x00000000dd100000,0x00000000dd880000)
 ParOldGen       total 36864K, used 8732K [0x0000000080000000, 0x0000000082400000, 0x00000000d5580000)
  object space 36864K, 23% used [0x0000000080000000,0x0000000080887398,0x0000000082400000)
 Metaspace       used 22893K, capacity 23235K, committed 23424K, reserved 1071104K
  class space    used 2515K, capacity 2651K, committed 2688K, reserved 1048576K
}
Event: 4.435 GC heap before
{Heap before GC invocations=10 (full 1):
 PSYoungGen      total 133632K, used 129700K [0x00000000d5580000, 0x00000000e1780000, 0x0000000100000000)
  eden space 126464K, 100% used [0x00000000d5580000,0x00000000dd100000,0x00000000dd100000)
  from space 7168K, 45% used [0x00000000dd880000,0x00000000ddba9070,0x00000000ddf80000)
  to   space 7680K, 0% used [0x00000000dd100000,0x00000000dd100000,0x00000000dd880000)
 ParOldGen       total 36864K, used 8732K [0x0000000080000000, 0x0000000082400000, 0x00000000d5580000)
  object space 36864K, 23% used [0x0000000080000000,0x0000000080887398,0x0000000082400000)
 Metaspace       used 24806K, capacity 25185K, committed 25600K, reserved 1071104K
  class space    used 2818K, capacity 2960K, committed 3072K, reserved 1048576K
Event: 4.441 GC heap after
Heap after GC invocations=10 (full 1):
 PSYoungGen      total 134144K, used 7680K [0x00000000d5580000, 0x00000000e0400000, 0x0000000100000000)
  eden space 126464K, 0% used [0x00000000d5580000,0x00000000d5580000,0x00000000dd100000)
  from space 7680K, 100% used [0x00000000dd100000,0x00000000dd880000,0x00000000dd880000)
  to   space 8704K, 0% used [0x00000000dfb80000,0x00000000dfb80000,0x00000000e0400000)
 ParOldGen       total 36864K, used 9152K [0x0000000080000000, 0x0000000082400000, 0x00000000d5580000)
  object space 36864K, 24% used [0x0000000080000000,0x00000000808f0188,0x0000000082400000)
 Metaspace       used 24806K, capacity 25185K, committed 25600K, reserved 1071104K
  class space    used 2818K, capacity 2960K, committed 3072K, reserved 1048576K
}

