# JRE version: OpenJDK Runtime Environment (Zulu 8.68.0.21-CA-win64) (8.0_362-b09) (build 1.8.0_362-b09)
# Java VM: OpenJDK 64-Bit Server VM (25.362-b09 mixed mode windows-amd64 compressed oops)
Heap:
 PSYoungGen      total 197632K, used 91826K [0x00000000d5580000, 0x00000000e5680000, 0x0000000100000000)
  eden space 194048K, 45% used [0x00000000d5580000,0x00000000dabf2660,0x00000000e1300000)
  from space 3584K, 92% used [0x00000000e5300000,0x00000000e563a410,0x00000000e5680000)
  to   space 7680K, 0% used [0x00000000e4780000,0x00000000e4780000,0x00000000e4f00000)
 ParOldGen       total 36864K, used 8764K [0x0000000080000000, 0x0000000082400000, 0x00000000d5580000)
  object space 36864K, 23% used [0x0000000080000000,0x000000008088f1b8,0x0000000082400000)
 Metaspace       used 23479K, capacity 23909K, committed 24320K, reserved 1071104K
  class space    used 2583K, capacity 2725K, committed 2816K, reserved 1048576K
GC Heap History (10 events):
Event: 2.202 GC heap before
{Heap before GC invocations=5 (full 0):
 PSYoungGen      total 66048K, used 66016K [0x00000000d5580000, 0x00000000d9880000, 0x0000000100000000)
  eden space 63488K, 100% used [0x00000000d5580000,0x00000000d9380000,0x00000000d9380000)
  from space 2560K, 98% used [0x00000000d9600000,0x00000000d9878298,0x00000000d9880000)
  to   space 2560K, 0% used [0x00000000d9380000,0x00000000d9380000,0x00000000d9600000)
 ParOldGen       total 42496K, used 4247K [0x0000000080000000, 0x0000000082980000, 0x00000000d5580000)
  object space 42496K, 9% used [0x0000000080000000,0x0000000080425f20,0x0000000082980000)
 Metaspace       used 15315K, capacity 15602K, committed 15872K, reserved 1062912K
  class space    used 1606K, capacity 1713K, committed 1792K, reserved 1048576K
Event: 2.209 GC heap after
Heap after GC invocations=5 (full 0):
 PSYoungGen      total 66048K, used 2560K [0x00000000d5580000, 0x00000000ddf80000, 0x0000000100000000)
  eden space 63488K, 0% used [0x00000000d5580000,0x00000000d5580000,0x00000000d9380000)
  from space 2560K, 100% used [0x00000000d9380000,0x00000000d9600000,0x00000000d9600000)
  to   space 7168K, 0% used [0x00000000dd880000,0x00000000dd880000,0x00000000ddf80000)
 ParOldGen       total 42496K, used 8677K [0x0000000080000000, 0x0000000082980000, 0x00000000d5580000)
  object space 42496K, 20% used [0x0000000080000000,0x00000000808797e8,0x0000000082980000)
 Metaspace       used 15315K, capacity 15602K, committed 15872K, reserved 1062912K
  class space    used 1606K, capacity 1713K, committed 1792K, reserved 1048576K
}
Event: 2.884 GC heap before
{Heap before GC invocations=6 (full 0):
 PSYoungGen      total 66048K, used 66048K [0x00000000d5580000, 0x00000000ddf80000, 0x0000000100000000)
  eden space 63488K, 100% used [0x00000000d5580000,0x00000000d9380000,0x00000000d9380000)
  from space 2560K, 100% used [0x00000000d9380000,0x00000000d9600000,0x00000000d9600000)
  to   space 7168K, 0% used [0x00000000dd880000,0x00000000dd880000,0x00000000ddf80000)
 ParOldGen       total 42496K, used 8677K [0x0000000080000000, 0x0000000082980000, 0x00000000d5580000)
  object space 42496K, 20% used [0x0000000080000000,0x00000000808797e8,0x0000000082980000)
 Metaspace       used 19894K, capacity 20140K, committed 20608K, reserved 1067008K
  class space    used 2208K, capacity 2307K, committed 2432K, reserved 1048576K
Event: 2.892 GC heap after
Heap after GC invocations=6 (full 0):
 PSYoungGen      total 133120K, used 6805K [0x00000000d5580000, 0x00000000de180000, 0x0000000100000000)
  eden space 125952K, 0% used [0x00000000d5580000,0x00000000d5580000,0x00000000dd080000)
  from space 7168K, 94% used [0x00000000dd880000,0x00000000ddf25468,0x00000000ddf80000)
  to   space 8192K, 0% used [0x00000000dd080000,0x00000000dd080000,0x00000000dd880000)
 ParOldGen       total 42496K, used 8685K [0x0000000080000000, 0x0000000082980000, 0x00000000d5580000)
  object space 42496K, 20% used [0x0000000080000000,0x000000008087b7e8,0x0000000082980000)
 Metaspace       used 19894K, capacity 20140K, committed 20608K, reserved 1067008K
  class space    used 2208K, capacity 2307K, committed 2432K, reserved 1048576K
}
Event: 3.152 GC heap before
{Heap before GC invocations=7 (full 0):
 PSYoungGen      total 133120K, used 42087K [0x00000000d5580000, 0x00000000de180000, 0x0000000100000000)
  eden space 125952K, 28% used [0x00000000d5580000,0x00000000d77f49f8,0x00000000dd080000)
  from space 7168K, 94% used [0x00000000dd880000,0x00000000ddf25468,0x00000000ddf80000)
  to   space 8192K, 0% used [0x00000000dd080000,0x00000000dd080000,0x00000000dd880000)
 ParOldGen       total 42496K, used 8685K [0x0000000080000000, 0x0000000082980000, 0x00000000d5580000)
  object space 42496K, 20% used [0x0000000080000000,0x000000008087b7e8,0x0000000082980000)
 Metaspace       used 20755K, capacity 21033K, committed 21296K, reserved 1069056K
  class space    used 2303K, capacity 2432K, committed 2432K, reserved 1048576K
Event: 3.158 GC heap after
Heap after GC invocations=7 (full 0):
 PSYoungGen      total 134144K, used 4419K [0x00000000d5580000, 0x00000000e5a80000, 0x0000000100000000)
  eden space 125952K, 0% used [0x00000000d5580000,0x00000000d5580000,0x00000000dd080000)
  from space 8192K, 53% used [0x00000000dd080000,0x00000000dd4d0e88,0x00000000dd880000)
  to   space 7680K, 0% used [0x00000000e5300000,0x00000000e5300000,0x00000000e5a80000)
 ParOldGen       total 42496K, used 9875K [0x0000000080000000, 0x0000000082980000, 0x00000000d5580000)
  object space 42496K, 23% used [0x0000000080000000,0x00000000809a4da0,0x0000000082980000)
 Metaspace       used 20755K, capacity 21033K, committed 21296K, reserved 1069056K
  class space    used 2303K, capacity 2432K, committed 2432K, reserved 1048576K
}
Event: 3.158 GC heap before
{Heap before GC invocations=8 (full 1):
 PSYoungGen      total 134144K, used 4419K [0x00000000d5580000, 0x00000000e5a80000, 0x0000000100000000)
  eden space 125952K, 0% used [0x00000000d5580000,0x00000000d5580000,0x00000000dd080000)
  from space 8192K, 53% used [0x00000000dd080000,0x00000000dd4d0e88,0x00000000dd880000)
  to   space 7680K, 0% used [0x00000000e5300000,0x00000000e5300000,0x00000000e5a80000)
 ParOldGen       total 42496K, used 9875K [0x0000000080000000, 0x0000000082980000, 0x00000000d5580000)
  object space 42496K, 23% used [0x0000000080000000,0x00000000809a4da0,0x0000000082980000)
 Metaspace       used 20755K, capacity 21033K, committed 21296K, reserved 1069056K
  class space    used 2303K, capacity 2432K, committed 2432K, reserved 1048576K
Event: 3.202 GC heap after
Heap after GC invocations=8 (full 1):
 PSYoungGen      total 134144K, used 0K [0x00000000d5580000, 0x00000000e5a80000, 0x0000000100000000)
  eden space 125952K, 0% used [0x00000000d5580000,0x00000000d5580000,0x00000000dd080000)
  from space 8192K, 0% used [0x00000000dd080000,0x00000000dd080000,0x00000000dd880000)
  to   space 7680K, 0% used [0x00000000e5300000,0x00000000e5300000,0x00000000e5a80000)
 ParOldGen       total 36864K, used 8756K [0x0000000080000000, 0x0000000082400000, 0x00000000d5580000)
  object space 36864K, 23% used [0x0000000080000000,0x000000008088d1b8,0x0000000082400000)
 Metaspace       used 20755K, capacity 21033K, committed 21296K, reserved 1069056K
  class space    used 2303K, capacity 2432K, committed 2432K, reserved 1048576K
}
Event: 3.851 GC heap before
{Heap before GC invocations=9 (full 1):
 PSYoungGen      total 134144K, used 125952K [0x00000000d5580000, 0x00000000e5a80000, 0x0000000100000000)
  eden space 125952K, 100% used [0x00000000d5580000,0x00000000dd080000,0x00000000dd080000)
  from space 8192K, 0% used [0x00000000dd080000,0x00000000dd080000,0x00000000dd880000)
  to   space 7680K, 0% used [0x00000000e5300000,0x00000000e5300000,0x00000000e5a80000)
 ParOldGen       total 36864K, used 8756K [0x0000000080000000, 0x0000000082400000, 0x00000000d5580000)
  object space 36864K, 23% used [0x0000000080000000,0x000000008088d1b8,0x0000000082400000)
 Metaspace       used 22901K, capacity 23235K, committed 23424K, reserved 1071104K
  class space    used 2518K, capacity 2651K, committed 2688K, reserved 1048576K
Event: 3.868 GC heap after
Heap after GC invocations=9 (full 1):
 PSYoungGen      total 197632K, used 3305K [0x00000000d5580000, 0x00000000e5680000, 0x0000000100000000)
  eden space 194048K, 0% used [0x00000000d5580000,0x00000000d5580000,0x00000000e1300000)
  from space 3584K, 92% used [0x00000000e5300000,0x00000000e563a410,0x00000000e5680000)
  to   space 7680K, 0% used [0x00000000e4780000,0x00000000e4780000,0x00000000e4f00000)
 ParOldGen       total 36864K, used 8764K [0x0000000080000000, 0x0000000082400000, 0x00000000d5580000)
  object space 36864K, 23% used [0x0000000080000000,0x000000008088f1b8,0x0000000082400000)
 Metaspace       used 22901K, capacity 23235K, committed 23424K, reserved 1071104K
  class space    used 2518K, capacity 2651K, committed 2688K, reserved 1048576K
}

