# JRE version: OpenJDK Runtime Environment (Zulu 8.68.0.21-CA-win64) (8.0_362-b09) (build 1.8.0_362-b09)
# Java VM: OpenJDK 64-Bit Server VM (25.362-b09 mixed mode windows-amd64 compressed oops)
Heap:
 PSYoungGen      total 152576K, used 94475K [0x00000000d5580000, 0x00000000df480000, 0x0000000100000000)
  eden space 144896K, 59% used [0x00000000d5580000,0x00000000daa5e938,0x00000000de300000)
  from space 7680K, 98% used [0x00000000ded00000,0x00000000df464438,0x00000000df480000)
  to   space 8704K, 0% used [0x00000000de380000,0x00000000de380000,0x00000000dec00000)
 ParOldGen       total 32768K, used 15152K [0x0000000080000000, 0x0000000082000000, 0x00000000d5580000)
  object space 32768K, 46% used [0x0000000080000000,0x0000000080ecc078,0x0000000082000000)
 Metaspace       used 31910K, capacity 32876K, committed 33024K, reserved 1079296K
  class space    used 3773K, capacity 4064K, committed 4096K, reserved 1048576K
GC Heap History (10 events):
Event: 5.780 GC heap before
{Heap before GC invocations=11 (full 1):
 PSYoungGen      total 68096K, used 60416K [0x00000000d5580000, 0x00000000dc200000, 0x0000000100000000)
  eden space 60416K, 100% used [0x00000000d5580000,0x00000000d9080000,0x00000000d9080000)
  from space 7680K, 0% used [0x00000000d9080000,0x00000000d9080000,0x00000000d9800000)
  to   space 7168K, 0% used [0x00000000dbb00000,0x00000000dbb00000,0x00000000dc200000)
 ParOldGen       total 32768K, used 8410K [0x0000000080000000, 0x0000000082000000, 0x00000000d5580000)
  object space 32768K, 25% used [0x0000000080000000,0x0000000080836bd8,0x0000000082000000)
 Metaspace       used 22644K, capacity 23042K, committed 23424K, reserved 1071104K
  class space    used 2502K, capacity 2650K, committed 2688K, reserved 1048576K
Event: 5.784 GC heap after
Heap after GC invocations=11 (full 1):
 PSYoungGen      total 85504K, used 2933K [0x00000000d5580000, 0x00000000dbe00000, 0x0000000100000000)
  eden space 82432K, 0% used [0x00000000d5580000,0x00000000d5580000,0x00000000da600000)
  from space 3072K, 95% used [0x00000000dbb00000,0x00000000dbddd5e0,0x00000000dbe00000)
  to   space 7168K, 0% used [0x00000000db000000,0x00000000db000000,0x00000000db700000)
 ParOldGen       total 32768K, used 8418K [0x0000000080000000, 0x0000000082000000, 0x00000000d5580000)
  object space 32768K, 25% used [0x0000000080000000,0x0000000080838bd8,0x0000000082000000)
 Metaspace       used 22644K, capacity 23042K, committed 23424K, reserved 1071104K
  class space    used 2502K, capacity 2650K, committed 2688K, reserved 1048576K
}
Event: 6.212 GC heap before
{Heap before GC invocations=12 (full 1):
 PSYoungGen      total 85504K, used 85365K [0x00000000d5580000, 0x00000000dbe00000, 0x0000000100000000)
  eden space 82432K, 100% used [0x00000000d5580000,0x00000000da600000,0x00000000da600000)
  from space 3072K, 95% used [0x00000000dbb00000,0x00000000dbddd5e0,0x00000000dbe00000)
  to   space 7168K, 0% used [0x00000000db000000,0x00000000db000000,0x00000000db700000)
 ParOldGen       total 32768K, used 8418K [0x0000000080000000, 0x0000000082000000, 0x00000000d5580000)
  object space 32768K, 25% used [0x0000000080000000,0x0000000080838bd8,0x0000000082000000)
 Metaspace       used 22905K, capacity 23234K, committed 23424K, reserved 1071104K
  class space    used 2510K, capacity 2650K, committed 2688K, reserved 1048576K
Event: 6.215 GC heap after
Heap after GC invocations=12 (full 1):
 PSYoungGen      total 99840K, used 449K [0x00000000d5580000, 0x00000000dd080000, 0x0000000100000000)
  eden space 92672K, 0% used [0x00000000d5580000,0x00000000d5580000,0x00000000db000000)
  from space 7168K, 6% used [0x00000000db000000,0x00000000db0705d0,0x00000000db700000)
  to   space 7680K, 0% used [0x00000000dc900000,0x00000000dc900000,0x00000000dd080000)
 ParOldGen       total 32768K, used 10563K [0x0000000080000000, 0x0000000082000000, 0x00000000d5580000)
  object space 32768K, 32% used [0x0000000080000000,0x0000000080a50c38,0x0000000082000000)
 Metaspace       used 22905K, capacity 23234K, committed 23424K, reserved 1071104K
  class space    used 2510K, capacity 2650K, committed 2688K, reserved 1048576K
}
Event: 7.102 GC heap before
{Heap before GC invocations=13 (full 1):
 PSYoungGen      total 99840K, used 93121K [0x00000000d5580000, 0x00000000dd080000, 0x0000000100000000)
  eden space 92672K, 100% used [0x00000000d5580000,0x00000000db000000,0x00000000db000000)
  from space 7168K, 6% used [0x00000000db000000,0x00000000db0705d0,0x00000000db700000)
  to   space 7680K, 0% used [0x00000000dc900000,0x00000000dc900000,0x00000000dd080000)
 ParOldGen       total 32768K, used 10563K [0x0000000080000000, 0x0000000082000000, 0x00000000d5580000)
  object space 32768K, 32% used [0x0000000080000000,0x0000000080a50c38,0x0000000082000000)
 Metaspace       used 23400K, capacity 23780K, committed 24064K, reserved 1071104K
  class space    used 2573K, capacity 2724K, committed 2816K, reserved 1048576K
Event: 7.117 GC heap after
Heap after GC invocations=13 (full 1):
 PSYoungGen      total 118272K, used 4448K [0x00000000d5580000, 0x00000000dde00000, 0x0000000100000000)
  eden space 110592K, 0% used [0x00000000d5580000,0x00000000d5580000,0x00000000dc180000)
  from space 7680K, 57% used [0x00000000dc900000,0x00000000dcd58000,0x00000000dd080000)
  to   space 7680K, 0% used [0x00000000dc180000,0x00000000dc180000,0x00000000dc900000)
 ParOldGen       total 32768K, used 10699K [0x0000000080000000, 0x0000000082000000, 0x00000000d5580000)
  object space 32768K, 32% used [0x0000000080000000,0x0000000080a72c58,0x0000000082000000)
 Metaspace       used 23400K, capacity 23780K, committed 24064K, reserved 1071104K
  class space    used 2573K, capacity 2724K, committed 2816K, reserved 1048576K
}
Event: 8.655 GC heap before
{Heap before GC invocations=14 (full 1):
 PSYoungGen      total 118272K, used 115040K [0x00000000d5580000, 0x00000000dde00000, 0x0000000100000000)
  eden space 110592K, 100% used [0x00000000d5580000,0x00000000dc180000,0x00000000dc180000)
  from space 7680K, 57% used [0x00000000dc900000,0x00000000dcd58000,0x00000000dd080000)
  to   space 7680K, 0% used [0x00000000dc180000,0x00000000dc180000,0x00000000dc900000)
 ParOldGen       total 32768K, used 10699K [0x0000000080000000, 0x0000000082000000, 0x00000000d5580000)
  object space 32768K, 32% used [0x0000000080000000,0x0000000080a72c58,0x0000000082000000)
 Metaspace       used 24805K, capacity 25168K, committed 25472K, reserved 1071104K
  class space    used 2803K, capacity 2932K, committed 2944K, reserved 1048576K
Event: 8.675 GC heap after
Heap after GC invocations=14 (full 1):
 PSYoungGen      total 118272K, used 1920K [0x00000000d5580000, 0x00000000df480000, 0x0000000100000000)
  eden space 110592K, 0% used [0x00000000d5580000,0x00000000d5580000,0x00000000dc180000)
  from space 7680K, 25% used [0x00000000dc180000,0x00000000dc360000,0x00000000dc900000)
  to   space 7680K, 0% used [0x00000000ded00000,0x00000000ded00000,0x00000000df480000)
 ParOldGen       total 32768K, used 14770K [0x0000000080000000, 0x0000000082000000, 0x00000000d5580000)
  object space 32768K, 45% used [0x0000000080000000,0x0000000080e6c850,0x0000000082000000)
 Metaspace       used 24805K, capacity 25168K, committed 25472K, reserved 1071104K
  class space    used 2803K, capacity 2932K, committed 2944K, reserved 1048576K
}
Event: 28.294 GC heap before
{Heap before GC invocations=15 (full 1):
 PSYoungGen      total 118272K, used 112512K [0x00000000d5580000, 0x00000000df480000, 0x0000000100000000)
  eden space 110592K, 100% used [0x00000000d5580000,0x00000000dc180000,0x00000000dc180000)
  from space 7680K, 25% used [0x00000000dc180000,0x00000000dc360000,0x00000000dc900000)
  to   space 7680K, 0% used [0x00000000ded00000,0x00000000ded00000,0x00000000df480000)
 ParOldGen       total 32768K, used 14770K [0x0000000080000000, 0x0000000082000000, 0x00000000d5580000)
  object space 32768K, 45% used [0x0000000080000000,0x0000000080e6c850,0x0000000082000000)
 Metaspace       used 31442K, capacity 32360K, committed 32512K, reserved 1077248K
  class space    used 3727K, capacity 3981K, committed 4096K, reserved 1048576K
Event: 28.400 GC heap after
Heap after GC invocations=15 (full 1):
 PSYoungGen      total 152576K, used 7569K [0x00000000d5580000, 0x00000000df480000, 0x0000000100000000)
  eden space 144896K, 0% used [0x00000000d5580000,0x00000000d5580000,0x00000000de300000)
  from space 7680K, 98% used [0x00000000ded00000,0x00000000df464438,0x00000000df480000)
  to   space 8704K, 0% used [0x00000000de380000,0x00000000de380000,0x00000000dec00000)
 ParOldGen       total 32768K, used 15152K [0x0000000080000000, 0x0000000082000000, 0x00000000d5580000)
  object space 32768K, 46% used [0x0000000080000000,0x0000000080ecc078,0x0000000082000000)
 Metaspace       used 31442K, capacity 32360K, committed 32512K, reserved 1077248K
  class space    used 3727K, capacity 3981K, committed 4096K, reserved 1048576K
}

