# JRE version: OpenJDK Runtime Environment (Zulu 8.68.0.21-CA-win64) (8.0_362-b09) (build 1.8.0_362-b09)
# Java VM: OpenJDK 64-Bit Server VM (25.362-b09 mixed mode windows-amd64 compressed oops)
Heap:
 PSYoungGen      total 190976K, used 125906K [0x00000000d5580000, 0x00000000e2580000, 0x0000000100000000)
  eden space 187392K, 65% used [0x00000000d5580000,0x00000000dcd54598,0x00000000e0c80000)
  from space 3584K, 89% used [0x00000000e2200000,0x00000000e2520508,0x00000000e2580000)
  to   space 7680K, 0% used [0x00000000e1680000,0x00000000e1680000,0x00000000e1e00000)
 ParOldGen       total 29696K, used 8343K [0x0000000080000000, 0x0000000081d00000, 0x00000000d5580000)
  object space 29696K, 28% used [0x0000000080000000,0x0000000080825fd0,0x0000000081d00000)
 Metaspace       used 23487K, capacity 23908K, committed 24320K, reserved 1071104K
  class space    used 2575K, capacity 2724K, committed 2816K, reserved 1048576K
GC Heap History (10 events):
Event: 2.512 GC heap before
{Heap before GC invocations=7 (full 0):
 PSYoungGen      total 68096K, used 67245K [0x00000000d5580000, 0x00000000d9c80000, 0x0000000100000000)
  eden space 63488K, 100% used [0x00000000d5580000,0x00000000d9380000,0x00000000d9380000)
  from space 4608K, 81% used [0x00000000d9800000,0x00000000d9bab410,0x00000000d9c80000)
  to   space 4608K, 0% used [0x00000000d9380000,0x00000000d9380000,0x00000000d9800000)
 ParOldGen       total 42496K, used 4413K [0x0000000080000000, 0x0000000082980000, 0x00000000d5580000)
  object space 42496K, 10% used [0x0000000080000000,0x000000008044f5d8,0x0000000082980000)
 Metaspace       used 17441K, capacity 17670K, committed 17920K, reserved 1064960K
  class space    used 1866K, capacity 1953K, committed 2048K, reserved 1048576K
Event: 2.518 GC heap after
Heap after GC invocations=7 (full 0):
 PSYoungGen      total 68096K, used 4598K [0x00000000d5580000, 0x00000000dde80000, 0x0000000100000000)
  eden space 63488K, 0% used [0x00000000d5580000,0x00000000d5580000,0x00000000d9380000)
  from space 4608K, 99% used [0x00000000d9380000,0x00000000d97fdb10,0x00000000d9800000)
  to   space 6656K, 0% used [0x00000000dd800000,0x00000000dd800000,0x00000000dde80000)
 ParOldGen       total 42496K, used 6885K [0x0000000080000000, 0x0000000082980000, 0x00000000d5580000)
  object space 42496K, 16% used [0x0000000080000000,0x00000000806b9648,0x0000000082980000)
 Metaspace       used 17441K, capacity 17670K, committed 17920K, reserved 1064960K
  class space    used 1866K, capacity 1953K, committed 2048K, reserved 1048576K
}
Event: 3.090 GC heap before
{Heap before GC invocations=8 (full 0):
 PSYoungGen      total 68096K, used 68086K [0x00000000d5580000, 0x00000000dde80000, 0x0000000100000000)
  eden space 63488K, 100% used [0x00000000d5580000,0x00000000d9380000,0x00000000d9380000)
  from space 4608K, 99% used [0x00000000d9380000,0x00000000d97fdb10,0x00000000d9800000)
  to   space 6656K, 0% used [0x00000000dd800000,0x00000000dd800000,0x00000000dde80000)
 ParOldGen       total 42496K, used 6885K [0x0000000080000000, 0x0000000082980000, 0x00000000d5580000)
  object space 42496K, 16% used [0x0000000080000000,0x00000000806b9648,0x0000000082980000)
 Metaspace       used 20725K, capacity 20996K, committed 21296K, reserved 1069056K
  class space    used 2292K, capacity 2400K, committed 2432K, reserved 1048576K
Event: 3.099 GC heap after
Heap after GC invocations=8 (full 0):
 PSYoungGen      total 132608K, used 6625K [0x00000000d5580000, 0x00000000de080000, 0x0000000100000000)
  eden space 125952K, 0% used [0x00000000d5580000,0x00000000d5580000,0x00000000dd080000)
  from space 6656K, 99% used [0x00000000dd800000,0x00000000dde786e0,0x00000000dde80000)
  to   space 7680K, 0% used [0x00000000dd080000,0x00000000dd080000,0x00000000dd800000)
 ParOldGen       total 42496K, used 8144K [0x0000000080000000, 0x0000000082980000, 0x00000000d5580000)
  object space 42496K, 19% used [0x0000000080000000,0x00000000807f43e8,0x0000000082980000)
 Metaspace       used 20725K, capacity 20996K, committed 21296K, reserved 1069056K
  class space    used 2292K, capacity 2400K, committed 2432K, reserved 1048576K
}
Event: 3.118 GC heap before
{Heap before GC invocations=9 (full 0):
 PSYoungGen      total 132608K, used 9201K [0x00000000d5580000, 0x00000000de080000, 0x0000000100000000)
  eden space 125952K, 2% used [0x00000000d5580000,0x00000000d58040e0,0x00000000dd080000)
  from space 6656K, 99% used [0x00000000dd800000,0x00000000dde786e0,0x00000000dde80000)
  to   space 7680K, 0% used [0x00000000dd080000,0x00000000dd080000,0x00000000dd800000)
 ParOldGen       total 42496K, used 8144K [0x0000000080000000, 0x0000000082980000, 0x00000000d5580000)
  object space 42496K, 19% used [0x0000000080000000,0x00000000807f43e8,0x0000000082980000)
 Metaspace       used 20778K, capacity 21066K, committed 21296K, reserved 1069056K
  class space    used 2297K, capacity 2401K, committed 2432K, reserved 1048576K
Event: 3.124 GC heap after
Heap after GC invocations=9 (full 0):
 PSYoungGen      total 133632K, used 4176K [0x00000000d5580000, 0x00000000e2980000, 0x0000000100000000)
  eden space 125952K, 0% used [0x00000000d5580000,0x00000000d5580000,0x00000000dd080000)
  from space 7680K, 54% used [0x00000000dd080000,0x00000000dd494010,0x00000000dd800000)
  to   space 7680K, 0% used [0x00000000e2200000,0x00000000e2200000,0x00000000e2980000)
 ParOldGen       total 42496K, used 8897K [0x0000000080000000, 0x0000000082980000, 0x00000000d5580000)
  object space 42496K, 20% used [0x0000000080000000,0x00000000808b04f8,0x0000000082980000)
 Metaspace       used 20778K, capacity 21066K, committed 21296K, reserved 1069056K
  class space    used 2297K, capacity 2401K, committed 2432K, reserved 1048576K
}
Event: 3.124 GC heap before
{Heap before GC invocations=10 (full 1):
 PSYoungGen      total 133632K, used 4176K [0x00000000d5580000, 0x00000000e2980000, 0x0000000100000000)
  eden space 125952K, 0% used [0x00000000d5580000,0x00000000d5580000,0x00000000dd080000)
  from space 7680K, 54% used [0x00000000dd080000,0x00000000dd494010,0x00000000dd800000)
  to   space 7680K, 0% used [0x00000000e2200000,0x00000000e2200000,0x00000000e2980000)
 ParOldGen       total 42496K, used 8897K [0x0000000080000000, 0x0000000082980000, 0x00000000d5580000)
  object space 42496K, 20% used [0x0000000080000000,0x00000000808b04f8,0x0000000082980000)
 Metaspace       used 20778K, capacity 21066K, committed 21296K, reserved 1069056K
  class space    used 2297K, capacity 2401K, committed 2432K, reserved 1048576K
Event: 3.162 GC heap after
Heap after GC invocations=10 (full 1):
 PSYoungGen      total 133632K, used 0K [0x00000000d5580000, 0x00000000e2980000, 0x0000000100000000)
  eden space 125952K, 0% used [0x00000000d5580000,0x00000000d5580000,0x00000000dd080000)
  from space 7680K, 0% used [0x00000000dd080000,0x00000000dd080000,0x00000000dd800000)
  to   space 7680K, 0% used [0x00000000e2200000,0x00000000e2200000,0x00000000e2980000)
 ParOldGen       total 29696K, used 8335K [0x0000000080000000, 0x0000000081d00000, 0x00000000d5580000)
  object space 29696K, 28% used [0x0000000080000000,0x0000000080823fd0,0x0000000081d00000)
 Metaspace       used 20778K, capacity 21066K, committed 21296K, reserved 1069056K
  class space    used 2297K, capacity 2401K, committed 2432K, reserved 1048576K
}
Event: 4.142 GC heap before
{Heap before GC invocations=11 (full 1):
 PSYoungGen      total 133632K, used 125952K [0x00000000d5580000, 0x00000000e2980000, 0x0000000100000000)
  eden space 125952K, 100% used [0x00000000d5580000,0x00000000dd080000,0x00000000dd080000)
  from space 7680K, 0% used [0x00000000dd080000,0x00000000dd080000,0x00000000dd800000)
  to   space 7680K, 0% used [0x00000000e2200000,0x00000000e2200000,0x00000000e2980000)
 ParOldGen       total 29696K, used 8335K [0x0000000080000000, 0x0000000081d00000, 0x00000000d5580000)
  object space 29696K, 28% used [0x0000000080000000,0x0000000080823fd0,0x0000000081d00000)
 Metaspace       used 22881K, capacity 23234K, committed 23424K, reserved 1071104K
  class space    used 2509K, capacity 2650K, committed 2688K, reserved 1048576K
Event: 4.145 GC heap after
Heap after GC invocations=11 (full 1):
 PSYoungGen      total 190976K, used 3201K [0x00000000d5580000, 0x00000000e2580000, 0x0000000100000000)
  eden space 187392K, 0% used [0x00000000d5580000,0x00000000d5580000,0x00000000e0c80000)
  from space 3584K, 89% used [0x00000000e2200000,0x00000000e2520508,0x00000000e2580000)
  to   space 7680K, 0% used [0x00000000e1680000,0x00000000e1680000,0x00000000e1e00000)
 ParOldGen       total 29696K, used 8343K [0x0000000080000000, 0x0000000081d00000, 0x00000000d5580000)
  object space 29696K, 28% used [0x0000000080000000,0x0000000080825fd0,0x0000000081d00000)
 Metaspace       used 22881K, capacity 23234K, committed 23424K, reserved 1071104K
  class space    used 2509K, capacity 2650K, committed 2688K, reserved 1048576K
}

